Using pre-set license
Built from '2021.3/china_unity/release' branch; Version is '2021.3.2f1c1 (7ac240095d88) revision 8045120'; Using compiler version '192829333'; Build Type 'Release'
OS: 'Windows 11  (10.0.22000) 64bit Professional' Language: 'zh' Physical Memory: 7549 MB
BatchMode: 1, IsHumanControllingUs: 0, StartBugReporterOnCrash: 0, Is64bit: 1, IsPro: 1

COMMAND LINE ARGUMENTS:
C:\Program Files\Unity\Hub\Editor\2021.3.2f1c1\Editor\Unity.exe
-adb2
-batchMode
-noUpm
-name
AssetImportWorker0
-projectPath
C:/Users/resum/OneDrive - rrr6/文档/GitHub/Lhmgtb
-logFile
Logs/AssetImportWorker0.log
-srvPort
62606
Successfully changed project path to: C:/Users/resum/OneDrive - rrr6/文档/GitHub/Lhmgtb
C:/Users/resum/OneDrive - rrr6/文档/GitHub/Lhmgtb
[UnityMemory] Configuration Parameters - Can be set up in boot.config
    "memorysetup-bucket-allocator-granularity=16"
    "memorysetup-bucket-allocator-bucket-count=8"
    "memorysetup-bucket-allocator-block-size=33554432"
    "memorysetup-bucket-allocator-block-count=8"
    "memorysetup-main-allocator-block-size=16777216"
    "memorysetup-thread-allocator-block-size=16777216"
    "memorysetup-gfx-main-allocator-block-size=16777216"
    "memorysetup-gfx-thread-allocator-block-size=16777216"
    "memorysetup-cache-allocator-block-size=4194304"
    "memorysetup-typetree-allocator-block-size=2097152"
    "memorysetup-profiler-bucket-allocator-granularity=16"
    "memorysetup-profiler-bucket-allocator-bucket-count=8"
    "memorysetup-profiler-bucket-allocator-block-size=33554432"
    "memorysetup-profiler-bucket-allocator-block-count=8"
    "memorysetup-profiler-allocator-block-size=16777216"
    "memorysetup-profiler-editor-allocator-block-size=1048576"
    "memorysetup-temp-allocator-size-main=16777216"
    "memorysetup-job-temp-allocator-block-size=2097152"
    "memorysetup-job-temp-allocator-block-size-background=1048576"
    "memorysetup-job-temp-allocator-reduction-small-platforms=262144"
    "memorysetup-temp-allocator-size-background-worker=32768"
    "memorysetup-temp-allocator-size-job-worker=262144"
    "memorysetup-temp-allocator-size-preload-manager=33554432"
    "memorysetup-temp-allocator-size-nav-mesh-worker=65536"
    "memorysetup-temp-allocator-size-audio-worker=65536"
    "memorysetup-temp-allocator-size-cloud-worker=32768"
    "memorysetup-temp-allocator-size-gi-baking-worker=262144"
    "memorysetup-temp-allocator-size-gfx=262144"
AS: AutoStreaming module initializing.
Refreshing native plugins compatible for Editor in 204.81 ms, found 4 plugins.
Preloading 0 native plugins for Editor in 0.00 ms.
Initialize engine version: 2021.3.2f1c1 (7ac240095d88)
[Subsystems] Discovering subsystems at path C:/Program Files/Unity/Hub/Editor/2021.3.2f1c1/Editor/Data/Resources/UnitySubsystems
[Subsystems] Discovering subsystems at path C:/Users/resum/OneDrive - rrr6/文档/GitHub/Lhmgtb/Assets
GfxDevice: creating device client; threaded=0; jobified=0
Direct3D:
    Version:  Direct3D 11.0 [level 11.1]
    Renderer: AMD Radeon(TM) Graphics (ID=0x1636)
    Vendor:   ATI
    VRAM:     3774 MB
    Driver:   27.20.11028.10001
Initialize mono
Mono path[0] = 'C:/Program Files/Unity/Hub/Editor/2021.3.2f1c1/Editor/Data/Managed'
Mono path[1] = 'C:/Program Files/Unity/Hub/Editor/2021.3.2f1c1/Editor/Data/MonoBleedingEdge/lib/mono/unityjit-win32'
Mono config path = 'C:/Program Files/Unity/Hub/Editor/2021.3.2f1c1/Editor/Data/MonoBleedingEdge/etc'
Using monoOptions --debugger-agent=transport=dt_socket,embedding=1,server=y,suspend=n,address=127.0.0.1:56508
Begin MonoManager ReloadAssembly
Registering precompiled unity dll's ...
Register platform support module: C:/Program Files/Unity/Hub/Editor/2021.3.2f1c1/Editor/Data/PlaybackEngines/WebGLSupport/UnityEditor.WebGL.Extensions.dll
Register platform support module: C:/Program Files/Unity/Hub/Editor/2021.3.2f1c1/Editor/Data/PlaybackEngines/WindowsStandaloneSupport/UnityEditor.WindowsStandalone.Extensions.dll
Registered in 0.123213 seconds.
Native extension for WindowsStandalone target not found
Native extension for WebGL target not found
Refreshing native plugins compatible for Editor in 154.54 ms, found 4 plugins.
Preloading 0 native plugins for Editor in 0.00 ms.
Mono: successfully reloaded assembly
- Completed reload, in  1.117 seconds
Domain Reload Profiling:
	ReloadAssembly (1118ms)
		BeginReloadAssembly (190ms)
			ExecutionOrderSort (0ms)
			DisableScriptedObjects (0ms)
			BackupInstance (0ms)
			ReleaseScriptingObjects (0ms)
			CreateAndSetChildDomain (1ms)
		EndReloadAssembly (614ms)
			LoadAssemblies (185ms)
			RebuildTransferFunctionScriptingTraits (0ms)
			SetupTypeCache (136ms)
			ReleaseScriptCaches (0ms)
			RebuildScriptCaches (34ms)
			SetupLoadedEditorAssemblies (379ms)
				LogAssemblyErrors (0ms)
				InitializePlatformSupportModulesInManaged (10ms)
				SetLoadedEditorAssemblies (0ms)
				RefreshPlugins (155ms)
				BeforeProcessingInitializeOnLoad (1ms)
				ProcessInitializeOnLoadAttributes (151ms)
				ProcessInitializeOnLoadMethodAttributes (62ms)
				AfterProcessingInitializeOnLoad (0ms)
				EditorAssembliesLoaded (0ms)
			ExecutionOrderSort2 (0ms)
			AwakeInstancesAfterBackupRestoration (0ms)
Platform modules already initialized, skipping
Registering precompiled user dll's ...
Registered in 0.021464 seconds.
Begin MonoManager ReloadAssembly
Symbol file LoadedFromMemory doesn't match image C:\Users\resum\OneDrive - rrr6\文档\GitHub\Lhmgtb\Library\PackageCache\com.unity.visualscripting@1.7.6\Editor\VisualScripting.Core\Dependencies\YamlDotNet\Unity.VisualScripting.YamlDotNet.dll
Symbol file LoadedFromMemory doesn't match image C:\Users\resum\OneDrive - rrr6\文档\GitHub\Lhmgtb\Library\PackageCache\com.unity.visualscripting@1.7.6\Editor\VisualScripting.Core\Dependencies\DotNetZip\Unity.VisualScripting.IonicZip.dll
Native extension for WindowsStandalone target not found
Native extension for WebGL target not found
Refreshing native plugins compatible for Editor in 191.32 ms, found 4 plugins.
Preloading 0 native plugins for Editor in 0.00 ms.
Mono: successfully reloaded assembly
- Completed reload, in  1.969 seconds
Domain Reload Profiling:
	ReloadAssembly (1971ms)
		BeginReloadAssembly (126ms)
			ExecutionOrderSort (0ms)
			DisableScriptedObjects (5ms)
			BackupInstance (0ms)
			ReleaseScriptingObjects (0ms)
			CreateAndSetChildDomain (24ms)
		EndReloadAssembly (1689ms)
			LoadAssemblies (195ms)
			RebuildTransferFunctionScriptingTraits (0ms)
			SetupTypeCache (424ms)
			ReleaseScriptCaches (1ms)
			RebuildScriptCaches (96ms)
			SetupLoadedEditorAssemblies (881ms)
				LogAssemblyErrors (0ms)
				InitializePlatformSupportModulesInManaged (5ms)
				SetLoadedEditorAssemblies (0ms)
				RefreshPlugins (191ms)
				BeforeProcessingInitializeOnLoad (184ms)
				ProcessInitializeOnLoadAttributes (349ms)
				ProcessInitializeOnLoadMethodAttributes (138ms)
				AfterProcessingInitializeOnLoad (12ms)
				EditorAssembliesLoaded (0ms)
			ExecutionOrderSort2 (0ms)
			AwakeInstancesAfterBackupRestoration (7ms)
Platform modules already initialized, skipping
========================================================================
Worker process is ready to serve import requests
Launched and connected shader compiler UnityShaderCompiler.exe after 0.07 seconds
Refreshing native plugins compatible for Editor in 1.26 ms, found 4 plugins.
Preloading 0 native plugins for Editor in 0.00 ms.
Unloading 5788 Unused Serialized files (Serialized files now loaded: 0)
Unloading 67 unused Assets / (0.9 MB). Loaded Objects now: 6254.
Memory consumption went from 243.9 MB to 243.0 MB.
Total: 5.360400 ms (FindLiveObjects: 1.050100 ms CreateObjectMapping: 0.346300 ms MarkObjects: 3.469600 ms  DeleteObjects: 0.492100 ms)

AssetImportParameters requested are different than current active one (requested -> active):
  custom:video-decoder-ogg-theora: a1e56fd34408186e4bbccfd4996cb3dc -> 
  custom:container-muxer-webm: aa71ff27fc2769a1b78a27578f13a17b -> 
  custom:container-demuxer-webm: 4f35f7cbe854078d1ac9338744f61a02 -> 
  custom:video-encoder-webm-vp8: eb34c28f22e8b96e1ab97ce403110664 -> 
  custom:audio-encoder-webm-vorbis: bf7c407c2cedff20999df2af8eb42d56 -> 
  custom:framework-win-MediaFoundation: 216162199b28c13a410421893ffa2e32 -> 
  custom:container-demuxer-ogg: 62fdf1f143b41e24485cea50d1cbac27 -> 
  custom:video-decoder-webm-vp8: 9c59270c3fd7afecdb556c50c9e8de78 -> 
  custom:audio-decoder-ogg-vorbis: bf7c407c2cedff20999df2af8eb42d56 -> 
========================================================================
Received Import Request.
  Time since last request: 90625.643900 seconds.
  path: Assets/New Universal Render Pipeline Asset.asset
  artifactKey: Guid(7ab48cf8c1d046b4aa17d6235434a317) Importer(815301076,1909f56bfc062723c751e8b465ee728b)
Start importing Assets/New Universal Render Pipeline Asset.asset using Guid(7ab48cf8c1d046b4aa17d6235434a317) Importer(815301076,1909f56bfc062723c751e8b465ee728b)  -> (artifact id: 'c517109f6a69e2ae3d9d7ae59cb61735') in 0.169881 seconds 
========================================================================
Received Import Request.
  Time since last request: 0.000104 seconds.
  path: Assets/New Universal Render Pipeline Asset_Renderer.asset
  artifactKey: Guid(2b879bf1ca1ed76429335c5894cc9d4c) Importer(815301076,1909f56bfc062723c751e8b465ee728b)
Start importing Assets/New Universal Render Pipeline Asset_Renderer.asset using Guid(2b879bf1ca1ed76429335c5894cc9d4c) Importer(815301076,1909f56bfc062723c751e8b465ee728b)  -> (artifact id: '0c5bb8114e97eae8f4a7fc502a436335') in 0.060994 seconds 
========================================================================
Received Import Request.
  Time since last request: 33.232843 seconds.
  path: Assets/pieline.asset
  artifactKey: Guid(7ab48cf8c1d046b4aa17d6235434a317) Importer(815301076,1909f56bfc062723c751e8b465ee728b)
Start importing Assets/pieline.asset using Guid(7ab48cf8c1d046b4aa17d6235434a317) Importer(815301076,1909f56bfc062723c751e8b465ee728b)  -> (artifact id: 'b79ded660ad376ad38c14e220daafa93') in 0.033977 seconds 
========================================================================
Received Import Request.
  Time since last request: 9.127222 seconds.
  path: Assets/2dRender.asset
  artifactKey: Guid(2b879bf1ca1ed76429335c5894cc9d4c) Importer(815301076,1909f56bfc062723c751e8b465ee728b)
Start importing Assets/2dRender.asset using Guid(2b879bf1ca1ed76429335c5894cc9d4c) Importer(815301076,1909f56bfc062723c751e8b465ee728b)  -> (artifact id: 'adc35f5e6ee594593d68577ec49db4e0') in 0.049488 seconds 
========================================================================
Received Prepare
Switching render pipeline 00000000000000000000000000000000 -> 7ab48cf8c1d046b4aa17d6235434a317
Refreshing native plugins compatible for Editor in 67.84 ms, found 4 plugins.
Preloading 0 native plugins for Editor in 0.00 ms.
Unloading 92 Unused Serialized files (Serialized files now loaded: 0)
Unloading 41 unused Assets / (0.9 MB). Loaded Objects now: 6305.
Memory consumption went from 127.6 MB to 126.7 MB.
Total: 9.093100 ms (FindLiveObjects: 1.675300 ms CreateObjectMapping: 0.910500 ms MarkObjects: 5.906900 ms  DeleteObjects: 0.598500 ms)

AssetImportParameters requested are different than current active one (requested -> active):
  custom:video-decoder-ogg-theora: a1e56fd34408186e4bbccfd4996cb3dc -> 
  custom:container-muxer-webm: aa71ff27fc2769a1b78a27578f13a17b -> 
  custom:container-demuxer-webm: 4f35f7cbe854078d1ac9338744f61a02 -> 
  custom:video-encoder-webm-vp8: eb34c28f22e8b96e1ab97ce403110664 -> 
  custom:audio-encoder-webm-vorbis: bf7c407c2cedff20999df2af8eb42d56 -> 
  custom:framework-win-MediaFoundation: 216162199b28c13a410421893ffa2e32 -> 
  custom:container-demuxer-ogg: 62fdf1f143b41e24485cea50d1cbac27 -> 
  custom:video-decoder-webm-vp8: 9c59270c3fd7afecdb556c50c9e8de78 -> 
  custom:audio-decoder-ogg-vorbis: bf7c407c2cedff20999df2af8eb42d56 -> 
========================================================================
Received Import Request.
  Time since last request: 80.547336 seconds.
  path: Assets/pieline.asset
  artifactKey: Guid(7ab48cf8c1d046b4aa17d6235434a317) Importer(815301076,1909f56bfc062723c751e8b465ee728b)
Start importing Assets/pieline.asset using Guid(7ab48cf8c1d046b4aa17d6235434a317) Importer(815301076,1909f56bfc062723c751e8b465ee728b)  -> (artifact id: '8dec282afeb64c23e2d463e215aceba1') in 0.010936 seconds 
========================================================================
Received Import Request.
  Time since last request: 0.000030 seconds.
  path: Assets/UniversalRenderPipelineGlobalSettings.asset
  artifactKey: Guid(3283d6280f2ebfd4f9b0d0bf306c71fc) Importer(815301076,1909f56bfc062723c751e8b465ee728b)
Start importing Assets/UniversalRenderPipelineGlobalSettings.asset using Guid(3283d6280f2ebfd4f9b0d0bf306c71fc) Importer(815301076,1909f56bfc062723c751e8b465ee728b)  -> (artifact id: '9a6360f9dc7c4bb79e8a64d34c706cbc') in 0.025408 seconds 
========================================================================
Received Import Request.
  Time since last request: 0.000046 seconds.
  path: Assets/5640c3ffe84d0-Sheet_1.png
  artifactKey: Guid(f52fb05f5bf037d468435b6fde8a505f) Importer(815301076,1909f56bfc062723c751e8b465ee728b)
Start importing Assets/5640c3ffe84d0-Sheet_1.png using Guid(f52fb05f5bf037d468435b6fde8a505f) Importer(815301076,1909f56bfc062723c751e8b465ee728b)  -> (artifact id: '3a4de3f227ee451c7289b3c5fbc65905') in 0.262318 seconds 
========================================================================
Received Import Request.
  Time since last request: 0.000051 seconds.
  path: Assets/2dRender.asset
  artifactKey: Guid(2b879bf1ca1ed76429335c5894cc9d4c) Importer(815301076,1909f56bfc062723c751e8b465ee728b)
Start importing Assets/2dRender.asset using Guid(2b879bf1ca1ed76429335c5894cc9d4c) Importer(815301076,1909f56bfc062723c751e8b465ee728b)  -> (artifact id: 'fcf70322fe41aba2e91220a2b82b52f1') in 0.007732 seconds 
========================================================================
Received Import Request.
  Time since last request: 159.118518 seconds.
  path: Assets/实例/Circle.prefab
  artifactKey: Guid(d67f3de74fe169542a8f81959ca11d18) Importer(815301076,1909f56bfc062723c751e8b465ee728b)
Start importing Assets/实例/Circle.prefab using Guid(d67f3de74fe169542a8f81959ca11d18) Importer(815301076,1909f56bfc062723c751e8b465ee728b)  -> (artifact id: 'ba4b05450b8ea5e8e8d10d3cad286a83') in 0.802699 seconds 
========================================================================
Received Import Request.
  Time since last request: 0.000050 seconds.
  path: Assets/实例/Player.prefab
  artifactKey: Guid(4bf84b8026d7eb2428ec73590698d903) Importer(815301076,1909f56bfc062723c751e8b465ee728b)
Start importing Assets/实例/Player.prefab using Guid(4bf84b8026d7eb2428ec73590698d903) Importer(815301076,1909f56bfc062723c751e8b465ee728b)  -> (artifact id: 'b33ce0384843711a6cef32910e3ba5a0') in 0.194920 seconds 
========================================================================
Received Import Request.
  Time since last request: 0.000127 seconds.
  path: Assets/实例/Rain.prefab
  artifactKey: Guid(e5c3bc0b58e1f904bb55cc5ef435abf1) Importer(815301076,1909f56bfc062723c751e8b465ee728b)
Start importing Assets/实例/Rain.prefab using Guid(e5c3bc0b58e1f904bb55cc5ef435abf1) Importer(815301076,1909f56bfc062723c751e8b465ee728b)  -> (artifact id: 'b8b7422955ffa892dd9f59caa925ce74') in 0.143509 seconds 
========================================================================
Received Import Request.
  Time since last request: 0.000032 seconds.
  path: Assets/实例/Layer1-Backgroud.prefab
  artifactKey: Guid(a3d3ca6e30784d244b88aa49976cf8ff) Importer(815301076,1909f56bfc062723c751e8b465ee728b)
Start importing Assets/实例/Layer1-Backgroud.prefab using Guid(a3d3ca6e30784d244b88aa49976cf8ff) Importer(815301076,1909f56bfc062723c751e8b465ee728b)  -> (artifact id: 'c13f18d7e26fd12518a822625d3ecadb') in 0.423632 seconds 
========================================================================
Received Import Request.
  Time since last request: 2.631616 seconds.
  path: Assets/实例/场景一/Ground 1.prefab
  artifactKey: Guid(393fd14a3a6372745bf885bec9c2fafe) Importer(815301076,1909f56bfc062723c751e8b465ee728b)
Start importing Assets/实例/场景一/Ground 1.prefab using Guid(393fd14a3a6372745bf885bec9c2fafe) Importer(815301076,1909f56bfc062723c751e8b465ee728b)  -> (artifact id: '5ce873167e8ed29d092e91f0634ec041') in 0.102180 seconds 
========================================================================
Received Import Request.
  Time since last request: 0.000043 seconds.
  path: Assets/实例/场景一/场景一草案.prefab
  artifactKey: Guid(5907df140a647ba4da3f03cff38adc34) Importer(815301076,1909f56bfc062723c751e8b465ee728b)
Start importing Assets/实例/场景一/场景一草案.prefab using Guid(5907df140a647ba4da3f03cff38adc34) Importer(815301076,1909f56bfc062723c751e8b465ee728b)  -> (artifact id: 'd49cfc298ac51da925679bc9edead700') in 0.180242 seconds 
========================================================================
Received Import Request.
  Time since last request: 0.000140 seconds.
  path: Assets/实例/场景一/场景 1.prefab
  artifactKey: Guid(bbc88d566881884459b0d252423b6173) Importer(815301076,1909f56bfc062723c751e8b465ee728b)
Start importing Assets/实例/场景一/场景 1.prefab using Guid(bbc88d566881884459b0d252423b6173) Importer(815301076,1909f56bfc062723c751e8b465ee728b)  -> (artifact id: '3edd1bcf8fd9c4c58a12e017bd7f6d12') in 0.188628 seconds 
========================================================================
Received Import Request.
  Time since last request: 0.000068 seconds.
  path: Assets/实例/场景一/地板.prefab
  artifactKey: Guid(434f5a1531efa4f49b829dcf25a3ca5b) Importer(815301076,1909f56bfc062723c751e8b465ee728b)
Start importing Assets/实例/场景一/地板.prefab using Guid(434f5a1531efa4f49b829dcf25a3ca5b) Importer(815301076,1909f56bfc062723c751e8b465ee728b)  -> (artifact id: 'ba17b7fc130109aec5f1f0e707218856') in 0.106474 seconds 
========================================================================
Received Import Request.
  Time since last request: 0.000059 seconds.
  path: Assets/实例/场景一/零摩擦无重力物块.prefab
  artifactKey: Guid(13ac11e33db17db40ac7e13ed932d0e4) Importer(815301076,1909f56bfc062723c751e8b465ee728b)
Start importing Assets/实例/场景一/零摩擦无重力物块.prefab using Guid(13ac11e33db17db40ac7e13ed932d0e4) Importer(815301076,1909f56bfc062723c751e8b465ee728b)  -> (artifact id: 'c4f1505090baf79ec8c9226d3a75a7ef') in 0.073628 seconds 
========================================================================
Received Import Request.
  Time since last request: 0.000036 seconds.
  path: Assets/实例/场景一/new.prefab
  artifactKey: Guid(9bc93944e7b654043a705b1f7e7a810b) Importer(815301076,1909f56bfc062723c751e8b465ee728b)
Start importing Assets/实例/场景一/new.prefab using Guid(9bc93944e7b654043a705b1f7e7a810b) Importer(815301076,1909f56bfc062723c751e8b465ee728b)  -> (artifact id: '5d8f5f08601a4663ec76673da86e4cb3') in 0.118639 seconds 
========================================================================
Received Import Request.
  Time since last request: 0.000043 seconds.
  path: Assets/实例/场景一/连跳柱子.prefab
  artifactKey: Guid(98ae744b6a1eb34499db2ebad8fdf5f0) Importer(815301076,1909f56bfc062723c751e8b465ee728b)
Start importing Assets/实例/场景一/连跳柱子.prefab using Guid(98ae744b6a1eb34499db2ebad8fdf5f0) Importer(815301076,1909f56bfc062723c751e8b465ee728b)  -> (artifact id: '05473ce6be9d7cfcda74e1cbec3bf221') in 0.073544 seconds 
========================================================================
Received Import Request.
  Time since last request: 0.000440 seconds.
  path: Assets/实例/场景一/摩擦力材质.physicsMaterial2D
  artifactKey: Guid(ce51593344780ec498eff9f4d8dc6f5a) Importer(815301076,1909f56bfc062723c751e8b465ee728b)
Start importing Assets/实例/场景一/摩擦力材质.physicsMaterial2D using Guid(ce51593344780ec498eff9f4d8dc6f5a) Importer(815301076,1909f56bfc062723c751e8b465ee728b)  -> (artifact id: '24fd8b2fe03203f0601e18153ea29807') in 0.069902 seconds 
========================================================================
Received Import Request.
  Time since last request: 0.000040 seconds.
  path: Assets/实例/场景一/Square.prefab
  artifactKey: Guid(4d7ccbc8793e4294ab9bbec7fffc668d) Importer(815301076,1909f56bfc062723c751e8b465ee728b)
Start importing Assets/实例/场景一/Square.prefab using Guid(4d7ccbc8793e4294ab9bbec7fffc668d) Importer(815301076,1909f56bfc062723c751e8b465ee728b)  -> (artifact id: 'e40de0bda5efe915ec503683bfe005b2') in 0.080387 seconds 
========================================================================
Received Import Request.
  Time since last request: 0.000040 seconds.
  path: Assets/实例/场景一/场景.prefab
  artifactKey: Guid(2985a628019c97f4d993085a2b74367e) Importer(815301076,1909f56bfc062723c751e8b465ee728b)
Start importing Assets/实例/场景一/场景.prefab using Guid(2985a628019c97f4d993085a2b74367e) Importer(815301076,1909f56bfc062723c751e8b465ee728b)  -> (artifact id: '6ca6bcf6f0950efc187099d5f4a21b32') in 0.112072 seconds 
========================================================================
Received Import Request.
  Time since last request: 0.000061 seconds.
  path: Assets/实例/场景一/无重力物块 1.prefab
  artifactKey: Guid(ed7bb593b7687a949af4d353ae0173d0) Importer(815301076,1909f56bfc062723c751e8b465ee728b)
Start importing Assets/实例/场景一/无重力物块 1.prefab using Guid(ed7bb593b7687a949af4d353ae0173d0) Importer(815301076,1909f56bfc062723c751e8b465ee728b)  -> (artifact id: 'cb4d40aac33889f7ca13049238b23ecd') in 0.073250 seconds 
========================================================================
Received Import Request.
  Time since last request: 3.022146 seconds.
  path: Assets/实例/杂项/ac-bitmap_box.prefab
  artifactKey: Guid(f63ed07fb909a2743850bcd59010bc4f) Importer(815301076,1909f56bfc062723c751e8b465ee728b)
Start importing Assets/实例/杂项/ac-bitmap_box.prefab using Guid(f63ed07fb909a2743850bcd59010bc4f) Importer(815301076,1909f56bfc062723c751e8b465ee728b)  -> (artifact id: 'a7011c126fe95c488d1c5e75b7fc435c') in 0.133292 seconds 
========================================================================
Received Import Request.
  Time since last request: 0.000042 seconds.
  path: Assets/实例/杂项/Gbox_2 1.prefab
  artifactKey: Guid(fd2dc27ef808bdb4d9576580e6847f7a) Importer(815301076,1909f56bfc062723c751e8b465ee728b)
Start importing Assets/实例/杂项/Gbox_2 1.prefab using Guid(fd2dc27ef808bdb4d9576580e6847f7a) Importer(815301076,1909f56bfc062723c751e8b465ee728b)  -> (artifact id: 'e502bd29474da40a7decb6ddfb559af2') in 0.123643 seconds 
========================================================================
Received Import Request.
  Time since last request: 0.000047 seconds.
  path: Assets/实例/杂项/Canvas.prefab
  artifactKey: Guid(aac3b22d62f529941ae7784430f4e685) Importer(815301076,1909f56bfc062723c751e8b465ee728b)
Start importing Assets/实例/杂项/Canvas.prefab using Guid(aac3b22d62f529941ae7784430f4e685) Importer(815301076,1909f56bfc062723c751e8b465ee728b)  -> (artifact id: 'cc503869a814e7eb7a7cd0c4c3c6c49f') in 0.202640 seconds 
========================================================================
Received Import Request.
  Time since last request: 0.000041 seconds.
  path: Assets/实例/杂项/Canvas 1.prefab
  artifactKey: Guid(41131534c923b3c4a82d4927dc720637) Importer(815301076,1909f56bfc062723c751e8b465ee728b)
Start importing Assets/实例/杂项/Canvas 1.prefab using Guid(41131534c923b3c4a82d4927dc720637) Importer(815301076,1909f56bfc062723c751e8b465ee728b)  -> (artifact id: '74cc0ff79fa4a3fda8944f0b7f344233') in 0.085437 seconds 
========================================================================
Received Import Request.
  Time since last request: 0.000046 seconds.
  path: Assets/实例/杂项/Gbox_2_mini.prefab
  artifactKey: Guid(fb67d9ab7625c2b42b3ec61a1a12dfb0) Importer(815301076,1909f56bfc062723c751e8b465ee728b)
Start importing Assets/实例/杂项/Gbox_2_mini.prefab using Guid(fb67d9ab7625c2b42b3ec61a1a12dfb0) Importer(815301076,1909f56bfc062723c751e8b465ee728b)  -> (artifact id: '726495eb0710431a9924ba0e270ac465') in 0.093127 seconds 
========================================================================
Received Import Request.
  Time since last request: 0.000038 seconds.
  path: Assets/实例/杂项/Gbox.prefab
  artifactKey: Guid(07edb7f250af9e441a66543cc6f915b9) Importer(815301076,1909f56bfc062723c751e8b465ee728b)
Start importing Assets/实例/杂项/Gbox.prefab using Guid(07edb7f250af9e441a66543cc6f915b9) Importer(815301076,1909f56bfc062723c751e8b465ee728b)  -> (artifact id: 'f40d590c556706b56995a472d453db76') in 0.087815 seconds 
========================================================================
Received Import Request.
  Time since last request: 0.000039 seconds.
  path: Assets/实例/杂项/Body.prefab
  artifactKey: Guid(ca8b2717659715d4aad5bccff5a007fd) Importer(815301076,1909f56bfc062723c751e8b465ee728b)
Start importing Assets/实例/杂项/Body.prefab using Guid(ca8b2717659715d4aad5bccff5a007fd) Importer(815301076,1909f56bfc062723c751e8b465ee728b)  -> (artifact id: '8d97135efeab8278bb35b57db1195bb6') in 0.187128 seconds 
========================================================================
Received Import Request.
  Time since last request: 0.000047 seconds.
  path: Assets/实例/杂项/Gbox_2.prefab
  artifactKey: Guid(72743fc8b596663499306d43aa5f6252) Importer(815301076,1909f56bfc062723c751e8b465ee728b)
Start importing Assets/实例/杂项/Gbox_2.prefab using Guid(72743fc8b596663499306d43aa5f6252) Importer(815301076,1909f56bfc062723c751e8b465ee728b)  -> (artifact id: 'edf6574d8478cd14e769faf509ee07f7') in 0.086768 seconds 
========================================================================
Received Import Request.
  Time since last request: 0.000048 seconds.
  path: Assets/实例/杂项/小地图 1.prefab
  artifactKey: Guid(463222d7cc187a1459f12a564de9cc7d) Importer(815301076,1909f56bfc062723c751e8b465ee728b)
Start importing Assets/实例/杂项/小地图 1.prefab using Guid(463222d7cc187a1459f12a564de9cc7d) Importer(815301076,1909f56bfc062723c751e8b465ee728b)  -> (artifact id: '1c3d1dfbd0d18a85aa414988ec23888d') in 0.122537 seconds 
========================================================================
Received Import Request.
  Time since last request: 0.000043 seconds.
  path: Assets/实例/杂项/Gbox_2-2 Variant.prefab
  artifactKey: Guid(f8885ef2cbf8859479e06e36cd181d13) Importer(815301076,1909f56bfc062723c751e8b465ee728b)
Start importing Assets/实例/杂项/Gbox_2-2 Variant.prefab using Guid(f8885ef2cbf8859479e06e36cd181d13) Importer(815301076,1909f56bfc062723c751e8b465ee728b)  -> (artifact id: '0c6bc499fbf0a5df9a265298a5a1b254') in 0.103458 seconds 
========================================================================
Received Import Request.
  Time since last request: 1.798939 seconds.
  path: Assets/实例/预制件/Ghost.prefab
  artifactKey: Guid(49452481871d3284182ac32d4d5478a7) Importer(815301076,1909f56bfc062723c751e8b465ee728b)
Start importing Assets/实例/预制件/Ghost.prefab using Guid(49452481871d3284182ac32d4d5478a7) Importer(815301076,1909f56bfc062723c751e8b465ee728b)  -> (artifact id: 'be0c4a0ac14455f56fd64804e7b718e1') in 0.128636 seconds 
========================================================================
Received Import Request.
  Time since last request: 4.396671 seconds.
  path: Assets/Aseprite
  artifactKey: Guid(a069c410cd7b3a945870a567f224f790) Importer(815301076,1909f56bfc062723c751e8b465ee728b)
Start importing Assets/Aseprite using Guid(a069c410cd7b3a945870a567f224f790) Importer(815301076,1909f56bfc062723c751e8b465ee728b)  -> (artifact id: '3495f62b235acca1a82b01f278274cba') in 0.024495 seconds 
========================================================================
Received Import Request.
  Time since last request: 0.035844 seconds.
  path: Assets/Aseprite/afun子中中.gif
  artifactKey: Guid(b886f2599cd42d94ebac45b450a335e1) Importer(815301076,1909f56bfc062723c751e8b465ee728b)
Start importing Assets/Aseprite/afun子中中.gif using Guid(b886f2599cd42d94ebac45b450a335e1) Importer(815301076,1909f56bfc062723c751e8b465ee728b)  -> (artifact id: '8ec8e63dfee860bcbb1f7f6ddebd67ee') in 0.100345 seconds 
========================================================================
Received Import Request.
  Time since last request: 0.000037 seconds.
  path: Assets/Aseprite/MainMenu-MinScreen.png
  artifactKey: Guid(f3f46196abb69374d92b9a4086de893c) Importer(815301076,1909f56bfc062723c751e8b465ee728b)
Start importing Assets/Aseprite/MainMenu-MinScreen.png using Guid(f3f46196abb69374d92b9a4086de893c) Importer(815301076,1909f56bfc062723c751e8b465ee728b)  -> (artifact id: 'a31201b9aa5b2a5671f8fed6e5c70c90') in 0.343164 seconds 
========================================================================
Received Import Request.
  Time since last request: 0.000147 seconds.
  path: Assets/Aseprite/Wei-02.png
  artifactKey: Guid(f1d7030779430f94a87cf424c2618323) Importer(815301076,1909f56bfc062723c751e8b465ee728b)
Start importing Assets/Aseprite/Wei-02.png using Guid(f1d7030779430f94a87cf424c2618323) Importer(815301076,1909f56bfc062723c751e8b465ee728b)  -> (artifact id: '40ed82438a5b02895ba83bc575cefd3c') in 0.390077 seconds 
========================================================================
Received Import Request.
  Time since last request: 0.000084 seconds.
  path: Assets/Aseprite/简易进度条-仿海鲜市场.gif
  artifactKey: Guid(86164856e96840f439847ea0b7eae445) Importer(815301076,1909f56bfc062723c751e8b465ee728b)
Start importing Assets/Aseprite/简易进度条-仿海鲜市场.gif using Guid(86164856e96840f439847ea0b7eae445) Importer(815301076,1909f56bfc062723c751e8b465ee728b)  -> (artifact id: 'e084fbcb6c387a61d137b32d1d02379c') in 0.060202 seconds 
========================================================================
Received Import Request.
  Time since last request: 0.000115 seconds.
  path: Assets/Aseprite/Online-1.png
  artifactKey: Guid(007a921ce4346b54f897111e58f1175a) Importer(815301076,1909f56bfc062723c751e8b465ee728b)
Start importing Assets/Aseprite/Online-1.png using Guid(007a921ce4346b54f897111e58f1175a) Importer(815301076,1909f56bfc062723c751e8b465ee728b)  -> (artifact id: 'fe180ce97e3d11bc776f97acce60f502') in 0.227058 seconds 
========================================================================
Received Import Request.
  Time since last request: 0.000043 seconds.
  path: Assets/Aseprite/Theme2.gif
  artifactKey: Guid(b43ca7d14cca7fb4b863e6e656ed7550) Importer(815301076,1909f56bfc062723c751e8b465ee728b)
Start importing Assets/Aseprite/Theme2.gif using Guid(b43ca7d14cca7fb4b863e6e656ed7550) Importer(815301076,1909f56bfc062723c751e8b465ee728b)  -> (artifact id: '52c03b4db4694ab240a0a40dcbae3548') in 0.267932 seconds 
========================================================================
Received Import Request.
  Time since last request: 0.000042 seconds.
  path: Assets/Aseprite/Wei-03.png
  artifactKey: Guid(b572bb4f0a5ca764aaa0d5ec7cc4efa6) Importer(815301076,1909f56bfc062723c751e8b465ee728b)
Start importing Assets/Aseprite/Wei-03.png using Guid(b572bb4f0a5ca764aaa0d5ec7cc4efa6) Importer(815301076,1909f56bfc062723c751e8b465ee728b)  -> (artifact id: 'eb9094829e32887713a5497e66989874') in 0.565110 seconds 
========================================================================
Received Import Request.
  Time since last request: 0.000037 seconds.
  path: Assets/Aseprite/Theme.gif
  artifactKey: Guid(59489faf139a2524b8675a873679346d) Importer(815301076,1909f56bfc062723c751e8b465ee728b)
Start importing Assets/Aseprite/Theme.gif using Guid(59489faf139a2524b8675a873679346d) Importer(815301076,1909f56bfc062723c751e8b465ee728b)  -> (artifact id: 'c888501e66ea2d355d890e3eed53f9a2') in 0.102594 seconds 
========================================================================
Received Import Request.
  Time since last request: 0.000050 seconds.
  path: Assets/Aseprite/Loading.gif
  artifactKey: Guid(7a6a50a596bf09347ad2db866ba3caa8) Importer(815301076,1909f56bfc062723c751e8b465ee728b)
Start importing Assets/Aseprite/Loading.gif using Guid(7a6a50a596bf09347ad2db866ba3caa8) Importer(815301076,1909f56bfc062723c751e8b465ee728b)  -> (artifact id: '1d0c04bb3017920b7edafc9fed7e514d') in 0.067059 seconds 
========================================================================
Received Import Request.
  Time since last request: 0.000038 seconds.
  path: Assets/Aseprite/Online-2.png
  artifactKey: Guid(c6070251a487fd24f8805a565a5bb91a) Importer(815301076,1909f56bfc062723c751e8b465ee728b)
Start importing Assets/Aseprite/Online-2.png using Guid(c6070251a487fd24f8805a565a5bb91a) Importer(815301076,1909f56bfc062723c751e8b465ee728b)  -> (artifact id: 'e1021d6a4e6a0f6b79b9805b2abfbebc') in 0.183522 seconds 
========================================================================
Received Import Request.
  Time since last request: 0.000039 seconds.
  path: Assets/Aseprite/MainMenu-FullScreen.png
  artifactKey: Guid(8b1a8c5a2b3f4af4d8f5597d52f40722) Importer(815301076,1909f56bfc062723c751e8b465ee728b)
Start importing Assets/Aseprite/MainMenu-FullScreen.png using Guid(8b1a8c5a2b3f4af4d8f5597d52f40722) Importer(815301076,1909f56bfc062723c751e8b465ee728b)  -> (artifact id: '2d4e5297c768b840913cd6d79346199a') in 0.532391 seconds 
========================================================================
Received Import Request.
  Time since last request: 0.000126 seconds.
  path: Assets/Aseprite/Theme.png
  artifactKey: Guid(676f048cd5c046745b44fde516409f47) Importer(815301076,1909f56bfc062723c751e8b465ee728b)
Start importing Assets/Aseprite/Theme.png using Guid(676f048cd5c046745b44fde516409f47) Importer(815301076,1909f56bfc062723c751e8b465ee728b)  -> (artifact id: 'edf6dfaab7d5da52897b8b2e941ce768') in 0.099684 seconds 
========================================================================
Received Import Request.
  Time since last request: 0.000108 seconds.
  path: Assets/Aseprite/Theme-01.png
  artifactKey: Guid(77c77836822ff1f42af724410605a3fd) Importer(815301076,1909f56bfc062723c751e8b465ee728b)
Start importing Assets/Aseprite/Theme-01.png using Guid(77c77836822ff1f42af724410605a3fd) Importer(815301076,1909f56bfc062723c751e8b465ee728b)  -> (artifact id: '17f7d813e76291383226e60eff9b54e8') in 0.179287 seconds 
========================================================================
Received Import Request.
  Time since last request: 0.000079 seconds.
  path: Assets/Aseprite/Wei-01.png
  artifactKey: Guid(cafabd9112c8d1b44a59d11fd6760d8c) Importer(815301076,1909f56bfc062723c751e8b465ee728b)
Start importing Assets/Aseprite/Wei-01.png using Guid(cafabd9112c8d1b44a59d11fd6760d8c) Importer(815301076,1909f56bfc062723c751e8b465ee728b)  -> (artifact id: '7e03e05d591e31b01888c508d2d77191') in 0.339033 seconds 
========================================================================
Received Import Request.
  Time since last request: 0.266224 seconds.
  path: Assets/Images/42NWF008BO{J$I]YHFZAH0B.jpg
  artifactKey: Guid(3f94b04549966014e81c201fb65d7c15) Importer(815301076,1909f56bfc062723c751e8b465ee728b)
Start importing Assets/Images/42NWF008BO{J$I]YHFZAH0B.jpg using Guid(3f94b04549966014e81c201fb65d7c15) Importer(815301076,1909f56bfc062723c751e8b465ee728b)  -> (artifact id: 'bc5b46504ba6d22ce282eca806c203ef') in 0.197276 seconds 
========================================================================
Received Import Request.
  Time since last request: 0.000065 seconds.
  path: Assets/Images/阿苇gif.gif
  artifactKey: Guid(b191e076d593ac641827abbcdfaa0501) Importer(815301076,1909f56bfc062723c751e8b465ee728b)
Start importing Assets/Images/阿苇gif.gif using Guid(b191e076d593ac641827abbcdfaa0501) Importer(815301076,1909f56bfc062723c751e8b465ee728b)  -> (artifact id: 'defc1cad21d155e90e2e43e3c3a8a613') in 0.107944 seconds 
========================================================================
Received Import Request.
  Time since last request: 0.000129 seconds.
  path: Assets/Images/_nmbimg.fastmirror.org_image_2021-03-11_604a260470476.gif
  artifactKey: Guid(7a924468852d4c844a98ff61a9bdd9d2) Importer(815301076,1909f56bfc062723c751e8b465ee728b)
Start importing Assets/Images/_nmbimg.fastmirror.org_image_2021-03-11_604a260470476.gif using Guid(7a924468852d4c844a98ff61a9bdd9d2) Importer(815301076,1909f56bfc062723c751e8b465ee728b)  -> (artifact id: '82ac4119da0f9e69b85587548c755a8c') in 0.141337 seconds 
========================================================================
Received Import Request.
  Time since last request: 0.000042 seconds.
  path: Assets/Images/_nmbimg.fastmirror.org_image_2021-03-11_604a26047.gif
  artifactKey: Guid(974cf703f9f1cb44ab620c040ceea4b5) Importer(815301076,1909f56bfc062723c751e8b465ee728b)
Start importing Assets/Images/_nmbimg.fastmirror.org_image_2021-03-11_604a26047.gif using Guid(974cf703f9f1cb44ab620c040ceea4b5) Importer(815301076,1909f56bfc062723c751e8b465ee728b)  -> (artifact id: 'fcce1fab67bf42bc8ba2d7d5eb558df4') in 0.216868 seconds 
========================================================================
Received Import Request.
  Time since last request: 0.000076 seconds.
  path: Assets/Images/Slash.png
  artifactKey: Guid(d5025c38ab76a1f46bdcab3bffc8f7ac) Importer(815301076,1909f56bfc062723c751e8b465ee728b)
Start importing Assets/Images/Slash.png using Guid(d5025c38ab76a1f46bdcab3bffc8f7ac) Importer(815301076,1909f56bfc062723c751e8b465ee728b)  -> (artifact id: '2197c8a11a3193973f579110efc1e7a5') in 1.900907 seconds 
========================================================================
Received Import Request.
  Time since last request: 0.000078 seconds.
  path: Assets/Images/Sessions_Diana_Wallpaper_15_16x9.jpg
  artifactKey: Guid(cab00a49cb1c41f41b6be0a7ac9f3f3e) Importer(815301076,1909f56bfc062723c751e8b465ee728b)
Start importing Assets/Images/Sessions_Diana_Wallpaper_15_16x9.jpg using Guid(cab00a49cb1c41f41b6be0a7ac9f3f3e) Importer(815301076,1909f56bfc062723c751e8b465ee728b)  -> (artifact id: 'f657750e5340d487b331bbe0d36fae16') in 0.701307 seconds 
========================================================================
Received Import Request.
  Time since last request: 0.000039 seconds.
  path: Assets/Images/Til/Spritemap (2).png
  artifactKey: Guid(c380cc9fdacb52243a2ce562899625a5) Importer(815301076,1909f56bfc062723c751e8b465ee728b)
Start importing Assets/Images/Til/Spritemap (2).png using Guid(c380cc9fdacb52243a2ce562899625a5) Importer(815301076,1909f56bfc062723c751e8b465ee728b)  -> (artifact id: '541599d146d73706781604bb99903776') in 0.244474 seconds 
========================================================================
Received Import Request.
  Time since last request: 0.000049 seconds.
  path: Assets/Images/Til/[)Z7QU}0`30JPD3)WUQF3BQ_6.asset
  artifactKey: Guid(34ebdf72f91b3d34b967de6a71ccefe0) Importer(815301076,1909f56bfc062723c751e8b465ee728b)
Start importing Assets/Images/Til/[)Z7QU}0`30JPD3)WUQF3BQ_6.asset using Guid(34ebdf72f91b3d34b967de6a71ccefe0) Importer(815301076,1909f56bfc062723c751e8b465ee728b)  -> (artifact id: 'c2978f75d78833b43b157a39f4b7b7af') in 0.109786 seconds 
========================================================================
Received Import Request.
  Time since last request: 0.000038 seconds.
  path: Assets/Images/Til/)7YSOOF8)6Q6%M9LH(L@HV2.jpg
  artifactKey: Guid(ec375e8c135c95b438123a1bcfb1a1d3) Importer(815301076,1909f56bfc062723c751e8b465ee728b)
Start importing Assets/Images/Til/)7YSOOF8)6Q6%M9LH(L@HV2.jpg using Guid(ec375e8c135c95b438123a1bcfb1a1d3) Importer(815301076,1909f56bfc062723c751e8b465ee728b)  -> (artifact id: '784379de87053afb43bb8e6ccc6fce25') in 0.074147 seconds 
========================================================================
Received Import Request.
  Time since last request: 0.000040 seconds.
  path: Assets/Images/Til/[)Z7QU}0`30JPD3)WUQF3BQ_5.asset
  artifactKey: Guid(31d46eb04f26f344e8a95b05f9da3a59) Importer(815301076,1909f56bfc062723c751e8b465ee728b)
Start importing Assets/Images/Til/[)Z7QU}0`30JPD3)WUQF3BQ_5.asset using Guid(31d46eb04f26f344e8a95b05f9da3a59) Importer(815301076,1909f56bfc062723c751e8b465ee728b)  -> (artifact id: 'ef5f88d6e18ea6ae1ef21ff534498f84') in 0.181409 seconds 
========================================================================
Received Import Request.
  Time since last request: 0.000257 seconds.
  path: Assets/Images/Til/Spritemap.png
  artifactKey: Guid(9f8d0d0fe9ee516479d897c7e296104c) Importer(815301076,1909f56bfc062723c751e8b465ee728b)
Start importing Assets/Images/Til/Spritemap.png using Guid(9f8d0d0fe9ee516479d897c7e296104c) Importer(815301076,1909f56bfc062723c751e8b465ee728b)  -> (artifact id: 'f0931515536485b7f93331e400fdcce8') in 0.162328 seconds 
========================================================================
Received Import Request.
  Time since last request: 0.000044 seconds.
  path: Assets/Images/Til/Spritemap (3).png
  artifactKey: Guid(4c72dd721844e1f4cb33c970b59c7469) Importer(815301076,1909f56bfc062723c751e8b465ee728b)
Start importing Assets/Images/Til/Spritemap (3).png using Guid(4c72dd721844e1f4cb33c970b59c7469) Importer(815301076,1909f56bfc062723c751e8b465ee728b)  -> (artifact id: '9e89e029e3ee557ae462bee7853e6b74') in 0.304351 seconds 
========================================================================
Received Import Request.
  Time since last request: 0.000081 seconds.
  path: Assets/Images/Til/0CID$`R8LZCE2PM{J]6GPQN.jpg
  artifactKey: Guid(37043399b43f8bc49be8b9d918e9a001) Importer(815301076,1909f56bfc062723c751e8b465ee728b)
Start importing Assets/Images/Til/0CID$`R8LZCE2PM{J]6GPQN.jpg using Guid(37043399b43f8bc49be8b9d918e9a001) Importer(815301076,1909f56bfc062723c751e8b465ee728b)  -> (artifact id: 'da4ff03193107dc6f23a13dae51f22e2') in 0.145038 seconds 
========================================================================
Received Import Request.
  Time since last request: 0.000048 seconds.
  path: Assets/Images/Til/Diffuse.mat
  artifactKey: Guid(e4e9a6bc6d883c4479915d33ef900d0d) Importer(815301076,1909f56bfc062723c751e8b465ee728b)
Start importing Assets/Images/Til/Diffuse.mat using Guid(e4e9a6bc6d883c4479915d33ef900d0d) Importer(815301076,1909f56bfc062723c751e8b465ee728b)  -> (artifact id: '9b77f85903f88769a45e200f92568f5d') in 0.156540 seconds 
========================================================================
Received Import Request.
  Time since last request: 0.000067 seconds.
  path: Assets/Images/Til/)7YSOOF8)6Q6%M9LH(L@HV2_0.asset
  artifactKey: Guid(1771dbcdc79f91a4a8987d7230bf6a93) Importer(815301076,1909f56bfc062723c751e8b465ee728b)
Start importing Assets/Images/Til/)7YSOOF8)6Q6%M9LH(L@HV2_0.asset using Guid(1771dbcdc79f91a4a8987d7230bf6a93) Importer(815301076,1909f56bfc062723c751e8b465ee728b)  -> (artifact id: 'e9dbbc15519beaa0d611016a12e0da82') in 0.052361 seconds 
========================================================================
Received Import Request.
  Time since last request: 0.000036 seconds.
  path: Assets/Images/Til/8TA@)UP{[E{X@MFUC[`057V.jpg
  artifactKey: Guid(c6ca0cf0b8b84b046b3ad24ac76de458) Importer(815301076,1909f56bfc062723c751e8b465ee728b)
Start importing Assets/Images/Til/8TA@)UP{[E{X@MFUC[`057V.jpg using Guid(c6ca0cf0b8b84b046b3ad24ac76de458) Importer(815301076,1909f56bfc062723c751e8b465ee728b)  -> (artifact id: '1b19cd643e00a4c5cb8b95947ca340f3') in 0.080041 seconds 
========================================================================
Received Import Request.
  Time since last request: 0.000068 seconds.
  path: Assets/Images/Til/N~A}RV84J8CQV{IC{409C_2.jpg
  artifactKey: Guid(74b0a19d491a206488562dc905899545) Importer(815301076,1909f56bfc062723c751e8b465ee728b)
Start importing Assets/Images/Til/N~A}RV84J8CQV{IC{409C_2.jpg using Guid(74b0a19d491a206488562dc905899545) Importer(815301076,1909f56bfc062723c751e8b465ee728b)  -> (artifact id: '75567653205b4973ad85af897dd53df5') in 0.101082 seconds 
========================================================================
Received Import Request.
  Time since last request: 0.000037 seconds.
  path: Assets/Images/Til/Spritemap 1_7.asset
  artifactKey: Guid(881f1805fb940174bb03eba1bbebd055) Importer(815301076,1909f56bfc062723c751e8b465ee728b)
Start importing Assets/Images/Til/Spritemap 1_7.asset using Guid(881f1805fb940174bb03eba1bbebd055) Importer(815301076,1909f56bfc062723c751e8b465ee728b)  -> (artifact id: 'a931d8804f2ccc75988cefc916d8810d') in 0.062596 seconds 
========================================================================
Received Import Request.
  Time since last request: 0.000072 seconds.
  path: Assets/Images/Til/Spritemap 1.png
  artifactKey: Guid(bc625404559eee24789d41cf1ff271f7) Importer(815301076,1909f56bfc062723c751e8b465ee728b)
Start importing Assets/Images/Til/Spritemap 1.png using Guid(bc625404559eee24789d41cf1ff271f7) Importer(815301076,1909f56bfc062723c751e8b465ee728b)  -> (artifact id: '54e44499366d8f7bb94306b4ab2cc04e') in 0.136880 seconds 
========================================================================
Received Import Request.
  Time since last request: 0.000051 seconds.
  path: Assets/Images/Til/Spritemap (1).png
  artifactKey: Guid(a8b1480200b53dc46a0d5426c8af6ffb) Importer(815301076,1909f56bfc062723c751e8b465ee728b)
Start importing Assets/Images/Til/Spritemap (1).png using Guid(a8b1480200b53dc46a0d5426c8af6ffb) Importer(815301076,1909f56bfc062723c751e8b465ee728b)  -> (artifact id: '48521ec928e05197b52ad38bb00d0c0f') in 0.130803 seconds 
========================================================================
Received Import Request.
  Time since last request: 0.000427 seconds.
  path: Assets/Images/Til/[)Z7QU}0`30JPD3)WUQF3BQ.jpg
  artifactKey: Guid(0d2a8664dc2620045b51c506fefe785f) Importer(815301076,1909f56bfc062723c751e8b465ee728b)
Start importing Assets/Images/Til/[)Z7QU}0`30JPD3)WUQF3BQ.jpg using Guid(0d2a8664dc2620045b51c506fefe785f) Importer(815301076,1909f56bfc062723c751e8b465ee728b)  -> (artifact id: '60e1a49eb38e83315923805709b8a1f3') in 0.246949 seconds 
========================================================================
Received Prepare
Refreshing native plugins compatible for Editor in 79.54 ms, found 4 plugins.
Preloading 0 native plugins for Editor in 0.00 ms.
Unloading 43 Unused Serialized files (Serialized files now loaded: 0)
Unloading 42 unused Assets / (0.9 MB). Loaded Objects now: 6498.
Memory consumption went from 136.5 MB to 135.6 MB.
Total: 9.991100 ms (FindLiveObjects: 1.546000 ms CreateObjectMapping: 1.078100 ms MarkObjects: 6.587400 ms  DeleteObjects: 0.776400 ms)

AssetImportParameters requested are different than current active one (requested -> active):
  custom:video-decoder-ogg-theora: a1e56fd34408186e4bbccfd4996cb3dc -> 
  custom:container-muxer-webm: aa71ff27fc2769a1b78a27578f13a17b -> 
  custom:container-demuxer-webm: 4f35f7cbe854078d1ac9338744f61a02 -> 
  custom:srp/default-shader: 00a0da0d000000000000000000000000 -> 0000e00a000e0de00000e000e02d0000
  custom:video-encoder-webm-vp8: eb34c28f22e8b96e1ab97ce403110664 -> 
  custom:audio-encoder-webm-vorbis: bf7c407c2cedff20999df2af8eb42d56 -> 
  custom:framework-win-MediaFoundation: 216162199b28c13a410421893ffa2e32 -> 
  custom:container-demuxer-ogg: 62fdf1f143b41e24485cea50d1cbac27 -> 
  custom:video-decoder-webm-vp8: 9c59270c3fd7afecdb556c50c9e8de78 -> 
  custom:audio-decoder-ogg-vorbis: bf7c407c2cedff20999df2af8eb42d56 -> 
========================================================================
Received Import Request.
  Time since last request: 132.080666 seconds.
  path: Packages/com.unity.render-pipelines.universal/Runtime/Data/PostProcessData.asset
  artifactKey: Guid(41439944d30ece34e96484bdb6645b55) Importer(815301076,1909f56bfc062723c751e8b465ee728b)
Start importing Packages/com.unity.render-pipelines.universal/Runtime/Data/PostProcessData.asset using Guid(41439944d30ece34e96484bdb6645b55) Importer(815301076,1909f56bfc062723c751e8b465ee728b)  -> (artifact id: 'b678e0464ebaca0851a3901d52b7bceb') in 0.030166 seconds 
========================================================================
Received Prepare
Refreshing native plugins compatible for Editor in 25.10 ms, found 4 plugins.
Preloading 0 native plugins for Editor in 0.00 ms.
Unloading 41 Unused Serialized files (Serialized files now loaded: 0)
Unloading 41 unused Assets / (0.9 MB). Loaded Objects now: 6498.
Memory consumption went from 136.4 MB to 135.6 MB.
Total: 6.319500 ms (FindLiveObjects: 0.661800 ms CreateObjectMapping: 0.368000 ms MarkObjects: 4.764300 ms  DeleteObjects: 0.523000 ms)

AssetImportParameters requested are different than current active one (requested -> active):
  custom:video-decoder-ogg-theora: a1e56fd34408186e4bbccfd4996cb3dc -> 
  custom:container-muxer-webm: aa71ff27fc2769a1b78a27578f13a17b -> 
  custom:container-demuxer-webm: 4f35f7cbe854078d1ac9338744f61a02 -> 
  custom:video-encoder-webm-vp8: eb34c28f22e8b96e1ab97ce403110664 -> 
  custom:audio-encoder-webm-vorbis: bf7c407c2cedff20999df2af8eb42d56 -> 
  custom:framework-win-MediaFoundation: 216162199b28c13a410421893ffa2e32 -> 
  custom:container-demuxer-ogg: 62fdf1f143b41e24485cea50d1cbac27 -> 
  custom:video-decoder-webm-vp8: 9c59270c3fd7afecdb556c50c9e8de78 -> 
  custom:audio-decoder-ogg-vorbis: bf7c407c2cedff20999df2af8eb42d56 -> 
========================================================================
Received Prepare
Refreshing native plugins compatible for Editor in 145.98 ms, found 4 plugins.
Preloading 0 native plugins for Editor in 0.00 ms.
Unloading 41 Unused Serialized files (Serialized files now loaded: 0)
Unloading 41 unused Assets / (0.9 MB). Loaded Objects now: 6498.
Memory consumption went from 136.6 MB to 135.7 MB.
Total: 126.947600 ms (FindLiveObjects: 3.262500 ms CreateObjectMapping: 0.936400 ms MarkObjects: 117.132000 ms  DeleteObjects: 5.613700 ms)

AssetImportParameters requested are different than current active one (requested -> active):
  custom:video-decoder-ogg-theora: a1e56fd34408186e4bbccfd4996cb3dc -> 
  custom:container-muxer-webm: aa71ff27fc2769a1b78a27578f13a17b -> 
  custom:container-demuxer-webm: 4f35f7cbe854078d1ac9338744f61a02 -> 
  custom:srp/default-shader: 00a0da0d000000000000000000000000 -> 0000e00a000e0de00000e000e02d0000
  custom:video-encoder-webm-vp8: eb34c28f22e8b96e1ab97ce403110664 -> 
  custom:audio-encoder-webm-vorbis: bf7c407c2cedff20999df2af8eb42d56 -> 
  custom:framework-win-MediaFoundation: 216162199b28c13a410421893ffa2e32 -> 
  custom:container-demuxer-ogg: 62fdf1f143b41e24485cea50d1cbac27 -> 
  custom:video-decoder-webm-vp8: 9c59270c3fd7afecdb556c50c9e8de78 -> 
  custom:audio-decoder-ogg-vorbis: bf7c407c2cedff20999df2af8eb42d56 -> 
========================================================================
Received Prepare
Refreshing native plugins compatible for Editor in 11.82 ms, found 4 plugins.
Preloading 0 native plugins for Editor in 0.00 ms.
Unloading 41 Unused Serialized files (Serialized files now loaded: 0)
Unloading 41 unused Assets / (0.9 MB). Loaded Objects now: 6498.
Memory consumption went from 136.6 MB to 135.7 MB.
Total: 5.832200 ms (FindLiveObjects: 0.680500 ms CreateObjectMapping: 0.402500 ms MarkObjects: 4.245600 ms  DeleteObjects: 0.501700 ms)

AssetImportParameters requested are different than current active one (requested -> active):
  custom:video-decoder-ogg-theora: a1e56fd34408186e4bbccfd4996cb3dc -> 
  custom:container-muxer-webm: aa71ff27fc2769a1b78a27578f13a17b -> 
  custom:container-demuxer-webm: 4f35f7cbe854078d1ac9338744f61a02 -> 
  custom:video-encoder-webm-vp8: eb34c28f22e8b96e1ab97ce403110664 -> 
  custom:audio-encoder-webm-vorbis: bf7c407c2cedff20999df2af8eb42d56 -> 
  custom:framework-win-MediaFoundation: 216162199b28c13a410421893ffa2e32 -> 
  custom:container-demuxer-ogg: 62fdf1f143b41e24485cea50d1cbac27 -> 
  custom:video-decoder-webm-vp8: 9c59270c3fd7afecdb556c50c9e8de78 -> 
  custom:audio-decoder-ogg-vorbis: bf7c407c2cedff20999df2af8eb42d56 -> 
========================================================================
Received Import Request.
  Time since last request: 1525.389693 seconds.
  path: Assets/Photon/PhotonUnityNetworking/Resources/Bullet.prefab
  artifactKey: Guid(4498c86a5c272a240853c5588f3a260b) Importer(815301076,1909f56bfc062723c751e8b465ee728b)
Start importing Assets/Photon/PhotonUnityNetworking/Resources/Bullet.prefab using Guid(4498c86a5c272a240853c5588f3a260b) Importer(815301076,1909f56bfc062723c751e8b465ee728b)  -> (artifact id: '608b2ac843e019387eb04c0d800f1293') in 0.847537 seconds 
========================================================================
Received Import Request.
  Time since last request: 0.000076 seconds.
  path: Assets/Photon/PhotonUnityNetworking/Resources/PhotonServerSettings.asset
  artifactKey: Guid(990ceec33461fe347a72434dd37a149f) Importer(815301076,1909f56bfc062723c751e8b465ee728b)
Start importing Assets/Photon/PhotonUnityNetworking/Resources/PhotonServerSettings.asset using Guid(990ceec33461fe347a72434dd37a149f) Importer(815301076,1909f56bfc062723c751e8b465ee728b)  -> (artifact id: '4a7c00f2d697d5f49250a0087bd94f09') in 0.042837 seconds 
========================================================================
Received Import Request.
  Time since last request: 0.000047 seconds.
  path: Assets/Photon/PhotonUnityNetworking/Resources/Player.prefab
  artifactKey: Guid(cd7610f61fcef84499bbe6d4f1383dce) Importer(815301076,1909f56bfc062723c751e8b465ee728b)
Start importing Assets/Photon/PhotonUnityNetworking/Resources/Player.prefab using Guid(cd7610f61fcef84499bbe6d4f1383dce) Importer(815301076,1909f56bfc062723c751e8b465ee728b)  -> (artifact id: '08d8b2f5632d2131f550d899483e6c5d') in 0.233164 seconds 
========================================================================
Received Import Request.
  Time since last request: 0.000105 seconds.
  path: Assets/Photon/PhotonUnityNetworking/Resources/Slash.prefab
  artifactKey: Guid(5833325a530627e45a252e6f85f468ef) Importer(815301076,1909f56bfc062723c751e8b465ee728b)
Start importing Assets/Photon/PhotonUnityNetworking/Resources/Slash.prefab using Guid(5833325a530627e45a252e6f85f468ef) Importer(815301076,1909f56bfc062723c751e8b465ee728b)  -> (artifact id: 'd5ca39f2291f053d355ef4b177a59bee') in 0.107579 seconds 
========================================================================
Received Prepare
Registering precompiled user dll's ...
Registered in 0.024484 seconds.
Begin MonoManager ReloadAssembly
Symbol file LoadedFromMemory doesn't match image C:\Users\resum\OneDrive - rrr6\文档\GitHub\Lhmgtb\Library\PackageCache\com.unity.visualscripting@1.7.6\Editor\VisualScripting.Core\Dependencies\YamlDotNet\Unity.VisualScripting.YamlDotNet.dll
Symbol file LoadedFromMemory doesn't match image C:\Users\resum\OneDrive - rrr6\文档\GitHub\Lhmgtb\Library\PackageCache\com.unity.visualscripting@1.7.6\Editor\VisualScripting.Core\Dependencies\DotNetZip\Unity.VisualScripting.IonicZip.dll
Native extension for WindowsStandalone target not found
Native extension for WebGL target not found
Refreshing native plugins compatible for Editor in 1.61 ms, found 4 plugins.
Preloading 0 native plugins for Editor in 0.00 ms.
Mono: successfully reloaded assembly
- Completed reload, in  2.879 seconds
Domain Reload Profiling:
	ReloadAssembly (2882ms)
		BeginReloadAssembly (760ms)
			ExecutionOrderSort (0ms)
			DisableScriptedObjects (63ms)
			BackupInstance (0ms)
			ReleaseScriptingObjects (0ms)
			CreateAndSetChildDomain (402ms)
		EndReloadAssembly (1937ms)
			LoadAssemblies (237ms)
			RebuildTransferFunctionScriptingTraits (2ms)
			SetupTypeCache (517ms)
			ReleaseScriptCaches (3ms)
			RebuildScriptCaches (125ms)
			SetupLoadedEditorAssemblies (886ms)
				LogAssemblyErrors (0ms)
				InitializePlatformSupportModulesInManaged (24ms)
				SetLoadedEditorAssemblies (2ms)
				RefreshPlugins (2ms)
				BeforeProcessingInitializeOnLoad (158ms)
				ProcessInitializeOnLoadAttributes (502ms)
				ProcessInitializeOnLoadMethodAttributes (185ms)
				AfterProcessingInitializeOnLoad (13ms)
				EditorAssembliesLoaded (0ms)
			ExecutionOrderSort2 (0ms)
			AwakeInstancesAfterBackupRestoration (24ms)
Platform modules already initialized, skipping
Switching render pipeline 7ab48cf8c1d046b4aa17d6235434a317 -> 00000000000000000000000000000000
Refreshing native plugins compatible for Editor in 9.05 ms, found 4 plugins.
Preloading 0 native plugins for Editor in 0.00 ms.
Unloading 5708 Unused Serialized files (Serialized files now loaded: 0)
Unloading 94 unused Assets / (0.9 MB). Loaded Objects now: 6442.
Memory consumption went from 247.9 MB to 247.0 MB.
Total: 12.853800 ms (FindLiveObjects: 0.999600 ms CreateObjectMapping: 0.964600 ms MarkObjects: 6.999900 ms  DeleteObjects: 3.887400 ms)

AssetImportParameters requested are different than current active one (requested -> active):
  custom:video-decoder-ogg-theora: a1e56fd34408186e4bbccfd4996cb3dc -> 
  custom:container-muxer-webm: aa71ff27fc2769a1b78a27578f13a17b -> 
  custom:container-demuxer-webm: 4f35f7cbe854078d1ac9338744f61a02 -> 
  custom:video-encoder-webm-vp8: eb34c28f22e8b96e1ab97ce403110664 -> 
  custom:audio-encoder-webm-vorbis: bf7c407c2cedff20999df2af8eb42d56 -> 
  custom:framework-win-MediaFoundation: 216162199b28c13a410421893ffa2e32 -> 
  custom:container-demuxer-ogg: 62fdf1f143b41e24485cea50d1cbac27 -> 
  custom:video-decoder-webm-vp8: 9c59270c3fd7afecdb556c50c9e8de78 -> 
  custom:audio-decoder-ogg-vorbis: bf7c407c2cedff20999df2af8eb42d56 -> 
========================================================================
Received Import Request.
  Time since last request: 125.364991 seconds.
  path: Assets/Aseprite/jian-Sheet.png
  artifactKey: Guid(0ee83662509f79847bb17cd5a56f0ecc) Importer(815301076,1909f56bfc062723c751e8b465ee728b)
Start importing Assets/Aseprite/jian-Sheet.png using Guid(0ee83662509f79847bb17cd5a56f0ecc) Importer(815301076,1909f56bfc062723c751e8b465ee728b)  -> (artifact id: '78f4f3edaa5952979f18f491a65cf090') in 0.262441 seconds 
========================================================================
Received Import Request.
  Time since last request: 10.523670 seconds.
  path: Assets/Aseprite/jian-Sheet.png
  artifactKey: Guid(0ee83662509f79847bb17cd5a56f0ecc) Importer(815301076,1909f56bfc062723c751e8b465ee728b)
Start importing Assets/Aseprite/jian-Sheet.png using Guid(0ee83662509f79847bb17cd5a56f0ecc) Importer(815301076,1909f56bfc062723c751e8b465ee728b)  -> (artifact id: 'e937a65f1051321845de8a449c0afa0f') in 0.087235 seconds 
========================================================================
Received Import Request.
  Time since last request: 15.447266 seconds.
  path: Assets/Aseprite/jian-Sheet.png
  artifactKey: Guid(0ee83662509f79847bb17cd5a56f0ecc) Importer(815301076,1909f56bfc062723c751e8b465ee728b)
Start importing Assets/Aseprite/jian-Sheet.png using Guid(0ee83662509f79847bb17cd5a56f0ecc) Importer(815301076,1909f56bfc062723c751e8b465ee728b)  -> (artifact id: '2cfe04fa329b9f10e283ee71eccc1bb5') in 0.064288 seconds 
========================================================================
Received Import Request.
  Time since last request: 113.221207 seconds.
  path: Assets/Aseprite/jian-Sheet.png
  artifactKey: Guid(0ee83662509f79847bb17cd5a56f0ecc) Importer(815301076,1909f56bfc062723c751e8b465ee728b)
Start importing Assets/Aseprite/jian-Sheet.png using Guid(0ee83662509f79847bb17cd5a56f0ecc) Importer(815301076,1909f56bfc062723c751e8b465ee728b)  -> (artifact id: '34f1293d9a696590fdd8606acd3ae4ce') in 0.067878 seconds 
========================================================================
Received Import Request.
  Time since last request: 36.384319 seconds.
  path: Assets/UniversalRenderPipelineGlobalSettings.asset
  artifactKey: Guid(3283d6280f2ebfd4f9b0d0bf306c71fc) Importer(815301076,1909f56bfc062723c751e8b465ee728b)
Start importing Assets/UniversalRenderPipelineGlobalSettings.asset using Guid(3283d6280f2ebfd4f9b0d0bf306c71fc) Importer(815301076,1909f56bfc062723c751e8b465ee728b)  -> (artifact id: '214b60b2ec1d905b34bd56bc82324813') in 0.014370 seconds 
========================================================================
Received Import Request.
  Time since last request: 1.565279 seconds.
  path: Assets/Images/_nmbimg.fastmirror.org_image_2021-03-11_604a26047.gif
  artifactKey: Guid(974cf703f9f1cb44ab620c040ceea4b5) Importer(815301076,1909f56bfc062723c751e8b465ee728b)
Start importing Assets/Images/_nmbimg.fastmirror.org_image_2021-03-11_604a26047.gif using Guid(974cf703f9f1cb44ab620c040ceea4b5) Importer(815301076,1909f56bfc062723c751e8b465ee728b)  -> (artifact id: 'f3d8f1ddbe1136d20e4419bb2b60eafa') in 0.128096 seconds 
========================================================================
Received Import Request.
  Time since last request: 0.000049 seconds.
  path: Assets/Images/_nmbimg.fastmirror.org_image_2021-03-11_604a260470476.gif
  artifactKey: Guid(7a924468852d4c844a98ff61a9bdd9d2) Importer(815301076,1909f56bfc062723c751e8b465ee728b)
Start importing Assets/Images/_nmbimg.fastmirror.org_image_2021-03-11_604a260470476.gif using Guid(7a924468852d4c844a98ff61a9bdd9d2) Importer(815301076,1909f56bfc062723c751e8b465ee728b)  -> (artifact id: '2d99332541c1420c39ddeed17517f5ba') in 0.079147 seconds 
========================================================================
Received Import Request.
  Time since last request: 7.750601 seconds.
  path: Assets/Animation/Slash/Slash.anim
  artifactKey: Guid(5bb2dba6d0d15764baf143da6a806c96) Importer(815301076,1909f56bfc062723c751e8b465ee728b)
Start importing Assets/Animation/Slash/Slash.anim using Guid(5bb2dba6d0d15764baf143da6a806c96) Importer(815301076,1909f56bfc062723c751e8b465ee728b)  -> (artifact id: '0d090d7a4e6bede4c958f981850a0fa0') in 0.022463 seconds 
========================================================================
Received Import Request.
  Time since last request: 123.882279 seconds.
  path: Assets/Photon/PhotonUnityNetworking/Resources/Player.prefab
  artifactKey: Guid(cd7610f61fcef84499bbe6d4f1383dce) Importer(815301076,1909f56bfc062723c751e8b465ee728b)
Start importing Assets/Photon/PhotonUnityNetworking/Resources/Player.prefab using Guid(cd7610f61fcef84499bbe6d4f1383dce) Importer(815301076,1909f56bfc062723c751e8b465ee728b)  -> (artifact id: 'd1c2f141bfc466fb5c303fc33bf22833') in 0.109722 seconds 
========================================================================
Received Import Request.
  Time since last request: 21.081032 seconds.
  path: Assets/Animation/Slash/jian-Sheet.png
  artifactKey: Guid(0ee83662509f79847bb17cd5a56f0ecc) Importer(815301076,1909f56bfc062723c751e8b465ee728b)
Start importing Assets/Animation/Slash/jian-Sheet.png using Guid(0ee83662509f79847bb17cd5a56f0ecc) Importer(815301076,1909f56bfc062723c751e8b465ee728b)  -> (artifact id: '11bb1d719d4e6d6d44e420627d4f442c') in 0.128662 seconds 
========================================================================
Received Import Request.
  Time since last request: 66.728302 seconds.
  path: Assets/Animation/Slash/00.controller
  artifactKey: Guid(4d9960d4b00a5e741a610ca6b4821589) Importer(815301076,1909f56bfc062723c751e8b465ee728b)
Start importing Assets/Animation/Slash/00.controller using Guid(4d9960d4b00a5e741a610ca6b4821589) Importer(815301076,1909f56bfc062723c751e8b465ee728b)  -> (artifact id: '9b59baddef82005b3c79a0d6cef068bb') in 0.037652 seconds 
========================================================================
Received Prepare
Registering precompiled user dll's ...
Registered in 0.022822 seconds.
Begin MonoManager ReloadAssembly
Symbol file LoadedFromMemory doesn't match image C:\Users\resum\OneDrive - rrr6\文档\GitHub\Lhmgtb\Library\PackageCache\com.unity.visualscripting@1.7.6\Editor\VisualScripting.Core\Dependencies\YamlDotNet\Unity.VisualScripting.YamlDotNet.dll
Symbol file LoadedFromMemory doesn't match image C:\Users\resum\OneDrive - rrr6\文档\GitHub\Lhmgtb\Library\PackageCache\com.unity.visualscripting@1.7.6\Editor\VisualScripting.Core\Dependencies\DotNetZip\Unity.VisualScripting.IonicZip.dll
Native extension for WindowsStandalone target not found
Native extension for WebGL target not found
Refreshing native plugins compatible for Editor in 2.54 ms, found 4 plugins.
Preloading 0 native plugins for Editor in 0.00 ms.
Mono: successfully reloaded assembly
- Completed reload, in  3.071 seconds
Domain Reload Profiling:
	ReloadAssembly (3074ms)
		BeginReloadAssembly (887ms)
			ExecutionOrderSort (0ms)
			DisableScriptedObjects (10ms)
			BackupInstance (0ms)
			ReleaseScriptingObjects (0ms)
			CreateAndSetChildDomain (608ms)
		EndReloadAssembly (1942ms)
			LoadAssemblies (244ms)
			RebuildTransferFunctionScriptingTraits (0ms)
			SetupTypeCache (510ms)
			ReleaseScriptCaches (4ms)
			RebuildScriptCaches (127ms)
			SetupLoadedEditorAssemblies (939ms)
				LogAssemblyErrors (0ms)
				InitializePlatformSupportModulesInManaged (21ms)
				SetLoadedEditorAssemblies (1ms)
				RefreshPlugins (3ms)
				BeforeProcessingInitializeOnLoad (173ms)
				ProcessInitializeOnLoadAttributes (507ms)
				ProcessInitializeOnLoadMethodAttributes (213ms)
				AfterProcessingInitializeOnLoad (22ms)
				EditorAssembliesLoaded (0ms)
			ExecutionOrderSort2 (0ms)
			AwakeInstancesAfterBackupRestoration (22ms)
Platform modules already initialized, skipping
Switching render pipeline 7ab48cf8c1d046b4aa17d6235434a317 -> 00000000000000000000000000000000
Refreshing native plugins compatible for Editor in 6.35 ms, found 4 plugins.
Preloading 0 native plugins for Editor in 0.00 ms.
Unloading 5759 Unused Serialized files (Serialized files now loaded: 0)
Unloading 92 unused Assets / (0.9 MB). Loaded Objects now: 6475.
Memory consumption went from 249.6 MB to 248.7 MB.
Total: 8.580400 ms (FindLiveObjects: 0.910300 ms CreateObjectMapping: 0.770400 ms MarkObjects: 4.707200 ms  DeleteObjects: 2.191000 ms)

AssetImportParameters requested are different than current active one (requested -> active):
  custom:video-decoder-ogg-theora: a1e56fd34408186e4bbccfd4996cb3dc -> 
  custom:container-muxer-webm: aa71ff27fc2769a1b78a27578f13a17b -> 
  custom:container-demuxer-webm: 4f35f7cbe854078d1ac9338744f61a02 -> 
  custom:video-encoder-webm-vp8: eb34c28f22e8b96e1ab97ce403110664 -> 
  custom:audio-encoder-webm-vorbis: bf7c407c2cedff20999df2af8eb42d56 -> 
  custom:framework-win-MediaFoundation: 216162199b28c13a410421893ffa2e32 -> 
  custom:container-demuxer-ogg: 62fdf1f143b41e24485cea50d1cbac27 -> 
  custom:video-decoder-webm-vp8: 9c59270c3fd7afecdb556c50c9e8de78 -> 
  custom:audio-decoder-ogg-vorbis: bf7c407c2cedff20999df2af8eb42d56 -> 
========================================================================
Received Import Request.
  Time since last request: 60.821248 seconds.
  path: Assets/2dRender.asset
  artifactKey: Guid(2b879bf1ca1ed76429335c5894cc9d4c) Importer(815301076,1909f56bfc062723c751e8b465ee728b)
Start importing Assets/2dRender.asset using Guid(2b879bf1ca1ed76429335c5894cc9d4c) Importer(815301076,1909f56bfc062723c751e8b465ee728b)  -> (artifact id: '7b42a0d3cbc579d195fc2db18a31d1b3') in 0.065061 seconds 
